<?xml version="1.0" encoding="UTF-8"?>
<!-- Generated by org.testng.reporters.JUnitReportReporter -->
<testsuite skipped="0" hostname="LTNL10070" name="tets" tests="1" failures="0" timestamp="20 Nov 2019 14:57:23 GMT" time="2.667" errors="0">
  <testcase name="test" time="2.667" classname="tets"/>
</testsuite> <!-- tets -->
