<?xml version="1.0" encoding="UTF-8"?>
<!-- Generated by org.testng.reporters.JUnitReportReporter -->
<testsuite skipped="0" hostname="LTNL10070" name="practice" tests="1" failures="0" timestamp="19 Nov 2019 17:05:05 GMT" time="2.046" errors="0">
  <testcase name="test" time="2.046" classname="practice"/>
</testsuite> <!-- practice -->
