<?xml version="1.0" encoding="UTF-8"?>
<!-- Generated by org.testng.reporters.JUnitReportReporter -->
<testsuite skipped="0" hostname="LTNL10070" name="postpractice" tests="1" failures="0" timestamp="19 Nov 2019 17:08:58 GMT" time="1.927" errors="0">
  <testcase name="testpost" time="1.927" classname="postpractice"/>
</testsuite> <!-- postpractice -->
