<?xml version="1.0" encoding="UTF-8"?>
<!-- Generated by org.testng.reporters.JUnitReportReporter -->
<testsuite skipped="0" hostname="LTNL10070" name="TC_004_allheaders" tests="1" failures="0" timestamp="19 Nov 2019 19:23:34 GMT" time="1.935" errors="0">
  <testcase name="weatherall" time="1.935" classname="TC_004_allheaders"/>
</testsuite> <!-- TC_004_allheaders -->
