<?xml version="1.0" encoding="UTF-8"?>
<!-- Generated by org.testng.reporters.JUnitReportReporter -->
<testsuite skipped="0" hostname="LTNL10070" name="TC_006_all" tests="1" failures="0" timestamp="19 Nov 2019 20:03:19 GMT" time="2.570" errors="0">
  <testcase name="testall" time="2.570" classname="TC_006_all"/>
</testsuite> <!-- TC_006_all -->
