<?xml version="1.0" encoding="UTF-8"?>
<!-- Generated by org.testng.reporters.JUnitReportReporter -->
<testsuite skipped="0" hostname="LTNL10070" name="DDT.test" tests="2" failures="0" timestamp="21 Nov 2019 20:46:10 GMT" time="2.606" errors="0">
  <testcase name="test" time="0.494" classname="DDT.test"/>
  <testcase name="test" time="2.112" classname="DDT.test"/>
</testsuite> <!-- DDT.test -->
