<?xml version="1.0" encoding="UTF-8"?>
<!-- Generated by org.testng.reporters.JUnitReportReporter -->
<testsuite skipped="0" hostname="LTNL10070" name="TC_001_Get" tests="1" failures="0" timestamp="12 Nov 2019 22:33:47 GMT" time="2.743" errors="0">
  <testcase name="getweatherdetails" time="2.743" classname="TC_001_Get"/>
</testsuite> <!-- TC_001_Get -->
