<?xml version="1.0" encoding="UTF-8"?>
<!-- Generated by org.testng.reporters.JUnitReportReporter -->
<testsuite skipped="0" hostname="LTNL10070" name="validatejsonbody" tests="1" failures="0" timestamp="19 Nov 2019 20:02:11 GMT" time="2.109" errors="0">
  <testcase name="validatejson" time="2.109" classname="validatejsonbody"/>
</testsuite> <!-- validatejsonbody -->
