<?xml version="1.0" encoding="UTF-8"?>
<!-- Generated by org.testng.reporters.JUnitReportReporter -->
<testsuite skipped="0" hostname="LTNL10070" name="TC_003_Get" tests="1" failures="0" timestamp="19 Nov 2019 19:16:23 GMT" time="2.039" errors="0">
  <testcase name="headers" time="2.039" classname="TC_003_Get"/>
</testsuite> <!-- TC_003_Get -->
