<?xml version="1.0" encoding="UTF-8"?>
<!-- Generated by org.testng.reporters.JUnitReportReporter -->
<testsuite skipped="0" hostname="LTNL10070" name="authtest" tests="1" failures="0" timestamp="20 Nov 2019 18:39:53 GMT" time="1.895" errors="0">
  <testcase name="test" time="1.895" classname="authtest"/>
</testsuite> <!-- authtest -->
