<?xml version="1.0" encoding="UTF-8"?>
<!-- Generated by org.testng.reporters.JUnitReportReporter -->
<testsuite skipped="0" hostname="LTNL10070" name="TC_007_Authentication" tests="1" failures="0" timestamp="19 Nov 2019 21:18:59 GMT" time="1.969" errors="0">
  <testcase name="Authentication" time="1.969" classname="TC_007_Authentication"/>
</testsuite> <!-- TC_007_Authentication -->
