<?xml version="1.0" encoding="UTF-8"?>
<!-- Generated by org.testng.reporters.JUnitReportReporter -->
<testsuite skipped="0" hostname="LTNL10070" name="com.employeeapi.testCases.TC_01_GetAllEmployeesData" tests="4" failures="0" timestamp="29 Nov 2019 01:33:39 GMT" time="0.047" errors="0">
  <testcase name="checkResponseTime" time="0.004" classname="com.employeeapi.testCases.TC_01_GetAllEmployeesData"/>
  <testcase name="checkResponseBody" time="0.038" classname="com.employeeapi.testCases.TC_01_GetAllEmployeesData"/>
  <testcase name="checkStatusLine" time="0.002" classname="com.employeeapi.testCases.TC_01_GetAllEmployeesData"/>
  <testcase name="checkStatusCode" time="0.003" classname="com.employeeapi.testCases.TC_01_GetAllEmployeesData"/>
</testsuite> <!-- com.employeeapi.testCases.TC_01_GetAllEmployeesData -->
