<?xml version="1.0" encoding="UTF-8"?>
<!-- Generated by org.testng.reporters.JUnitReportReporter -->
<testsuite skipped="0" hostname="LTNL10070" name="com.employeeapi.testCases.TC_03_CreateNewEmployee" tests="3" failures="0" timestamp="29 Nov 2019 01:33:39 GMT" time="0.554" errors="0">
  <testcase name="captureHeaders" time="0.007" classname="com.employeeapi.testCases.TC_03_CreateNewEmployee"/>
  <testcase name="captureid" time="0.542" classname="com.employeeapi.testCases.TC_03_CreateNewEmployee"/>
  <testcase name="responsebody" time="0.005" classname="com.employeeapi.testCases.TC_03_CreateNewEmployee"/>
</testsuite> <!-- com.employeeapi.testCases.TC_03_CreateNewEmployee -->
