<?xml version="1.0" encoding="UTF-8"?>
<!-- Generated by org.testng.reporters.JUnitReportReporter -->
<testsuite skipped="0" hostname="LTNL10070" name="com.employeeapi.testCases.TC_04_putEmployee" tests="1" failures="0" timestamp="29 Nov 2019 01:33:39 GMT" time="0.003" errors="0">
  <testcase name="verifyResponsebody" time="0.003" classname="com.employeeapi.testCases.TC_04_putEmployee"/>
</testsuite> <!-- com.employeeapi.testCases.TC_04_putEmployee -->
